<?xml version="1.0" encoding="UTF-8"?>
<!-- Generated by org.testng.reporters.JUnitXMLReporter -->
<testsuite ignored="0" hostname="DESKTOP-9S2K46P" failures="0" tests="3" name="Test" time="163.888" errors="0" timestamp="2023-11-07T11:19:51 IST">
  <testcase classname="Test.SinupPageTest" name="@AfterMethod afterMethod" time="0.002">
    <failure type="java.lang.NullPointerException" message="Cannot invoke &amp;quot;com.aventstack.extentreports.ExtentTest.log(com.aventstack.extentreports.Status, String)&amp;quot; because &amp;quot;this.test&amp;quot; is null">
      <![CDATA[java.lang.NullPointerException: Cannot invoke "com.aventstack.extentreports.ExtentTest.log(com.aventstack.extentreports.Status, String)" because "this.test" is null
at Test.SinupPageTest.afterMethod(SinupPageTest.java:90)
at java.base/java.util.ArrayList.forEach(ArrayList.java:1511)
... Removed 30 stack frames]]>
    </failure>
  </testcase> <!-- @AfterMethod afterMethod -->
  <testcase classname="Test.SinupPageTest" name="@BeforeMethod setup" time="0.0">
    <skipped/>
  </testcase> <!-- @BeforeMethod setup -->
  <testcase classname="Test.SinupPageTest" name="@AfterMethod afterMethod" time="0.0">
    <skipped/>
  </testcase> <!-- @AfterMethod afterMethod -->
  <testcase classname="Test.SinupPageTest" name="@BeforeMethod setup" time="0.0">
    <skipped/>
  </testcase> <!-- @BeforeMethod setup -->
  <testcase classname="Test.SinupPageTest" name="@AfterMethod afterMethod" time="0.0">
    <skipped/>
  </testcase> <!-- @AfterMethod afterMethod -->
  <testcase classname="Test.SinupPageTest" name="@AfterClass afterClass" time="0.0">
    <skipped/>
  </testcase> <!-- @AfterClass afterClass -->
  <testcase classname="Test.SinupPageTest" name="verifyLogo" time="0.191"/>
  <testcase classname="Test.SinupPageTest" name="verifyenterfiled" time="0.0">
    <skipped/>
  </testcase> <!-- verifyenterfiled -->
  <testcase classname="Test.SinupPageTest" name="verifypassword" time="0.0">
    <skipped/>
  </testcase> <!-- verifypassword -->
</testsuite> <!-- Test -->
